2020-12-19 20:04:43,469 - __main__ - INFO - 开始获取信息...
2020-12-19 20:04:44,360 - __main__ - INFO - 上海证券交易所有5条公布的公告
2020-12-19 20:04:45,469 - __main__ - INFO - 深圳证券交易所有0条公布的公告
2020-12-19 20:04:45,719 - __main__ - INFO - A股共有0个发布的研报
2020-12-19 20:04:45,719 - __main__ - INFO - 邮件发送成功!
2020-12-20 21:30:01,325 - __main__ - INFO - 开始获取信息...
2020-12-20 21:30:01,768 - __main__ - INFO - 上海证券交易所有0条公布的公告
2020-12-20 21:30:01,847 - __main__ - INFO - 深圳证券交易所有0条公布的公告
2020-12-20 21:30:02,012 - __main__ - INFO - A股共有0个发布的研报
2020-12-20 21:30:02,012 - __main__ - INFO - 没有更新的数据!
2020-12-21 21:30:02,114 - __main__ - INFO - 开始获取信息...
2020-12-21 21:30:03,234 - __main__ - INFO - 上海证券交易所有0条公布的公告
2020-12-21 21:30:04,235 - __main__ - INFO - 深圳证券交易所有0条公布的公告
2020-12-21 21:30:04,457 - __main__ - INFO - A股共有0个发布的研报
2020-12-21 21:30:04,457 - __main__ - INFO - 没有更新的数据!
2020-12-22 21:30:02,497 - __main__ - INFO - 开始获取信息...
2020-12-22 21:30:03,424 - __main__ - INFO - 上海证券交易所有0条公布的公告
2020-12-22 21:30:05,284 - __main__ - INFO - 深圳证券交易所有0条公布的公告
2020-12-22 21:30:05,563 - __main__ - INFO - A股共有0个发布的研报
2020-12-22 21:30:05,563 - __main__ - INFO - 没有更新的数据!
2020-12-23 21:30:02,304 - __main__ - INFO - 开始获取信息...
2020-12-23 21:30:03,616 - __main__ - INFO - 上海证券交易所有0条公布的公告
2020-12-23 21:30:08,729 - __main__ - INFO - 深圳证券交易所有0条公布的公告
2020-12-23 21:30:08,983 - __main__ - INFO - A股共有0个发布的研报
2020-12-23 21:30:08,983 - __main__ - INFO - 没有更新的数据!
2020-12-26 21:30:03,426 - __main__ - INFO - 开始获取信息...
2020-12-26 21:30:04,600 - __main__ - INFO - 上海证券交易所有1条公布的公告
2020-12-26 21:30:06,331 - __main__ - INFO - 深圳证券交易所有0条公布的公告
2020-12-26 21:30:06,590 - __main__ - INFO - A股共有0个发布的研报
2020-12-26 21:30:19,316 - __main__ - INFO - 邮件发送成功!
2020-12-27 21:30:02,765 - __main__ - INFO - 开始获取信息...
2020-12-27 21:30:03,145 - __main__ - INFO - 上海证券交易所有0条公布的公告
2020-12-27 21:30:03,225 - __main__ - INFO - 深圳证券交易所有0条公布的公告
2020-12-27 21:30:03,445 - __main__ - INFO - A股共有0个发布的研报
2020-12-27 21:30:03,445 - __main__ - INFO - 没有更新的数据!
2020-12-29 21:30:02,037 - __main__ - INFO - 开始获取信息...
2020-12-29 21:30:03,192 - __main__ - INFO - 上海证券交易所有0条公布的公告
2020-12-29 21:30:05,755 - __main__ - INFO - 深圳证券交易所有0条公布的公告
2020-12-29 21:30:06,036 - __main__ - INFO - A股共有0个发布的研报
2020-12-29 21:30:06,036 - __main__ - INFO - 没有更新的数据!
2020-12-30 21:30:03,321 - __main__ - INFO - 开始获取信息...
2020-12-30 21:30:05,051 - __main__ - INFO - 上海证券交易所有0条公布的公告
2020-12-30 21:30:07,943 - __main__ - INFO - 深圳证券交易所有0条公布的公告
2020-12-30 21:30:08,155 - __main__ - INFO - A股共有0个发布的研报
2020-12-30 21:30:08,155 - __main__ - INFO - 没有更新的数据!
2020-12-31 21:30:02,902 - __main__ - INFO - 开始获取信息...
2020-12-31 21:30:05,125 - __main__ - INFO - 上海证券交易所有0条公布的公告
2020-12-31 21:30:08,696 - __main__ - INFO - 深圳证券交易所有20条公布的公告
2020-12-31 21:30:08,968 - __main__ - INFO - A股共有1个发布的研报
2020-12-31 21:30:22,026 - __main__ - INFO - 邮件发送成功!
2021-01-01 21:30:01,973 - __main__ - INFO - 开始获取信息...
2021-01-01 21:30:03,692 - __main__ - INFO - 上海证券交易所有0条公布的公告
2021-01-01 21:30:04,207 - __main__ - INFO - 深圳证券交易所有0条公布的公告
2021-01-01 21:30:04,457 - __main__ - INFO - A股共有0个发布的研报
2021-01-01 21:30:04,457 - __main__ - INFO - 没有更新的数据!
2021-01-02 21:29:09,270 - __main__ - INFO - 开始获取信息...
2021-01-02 21:29:10,405 - __main__ - INFO - 上海证券交易所有0条公布的公告
2021-01-02 21:29:10,810 - __main__ - INFO - 深圳证券交易所有0条公布的公告
2021-01-02 21:29:30,590 - __main__ - INFO - 开始获取信息...
2021-01-02 21:29:31,884 - __main__ - INFO - 上海证券交易所有0条公布的公告
2021-01-02 21:29:32,458 - __main__ - INFO - 深圳证券交易所有0条公布的公告
2021-01-02 21:29:32,570 - __main__ - INFO - A股共有0个发布的研报
2021-01-02 21:29:32,570 - __main__ - INFO - 没有更新的数据!
2021-01-02 21:45:16,275 - __main__ - INFO - 开始获取信息...
2021-01-02 21:45:17,343 - __main__ - INFO - 上海证券交易所有0条公布的公告
2021-01-02 21:45:17,825 - __main__ - INFO - 深圳证券交易所有0条公布的公告
2021-01-02 21:45:18,024 - __main__ - INFO - A股共有0个发布的研报
2021-01-02 21:45:19,371 - __main__ - INFO - 共有0个股价创新高/新低
2021-01-02 21:45:19,454 - __main__ - INFO - 共有0个行业研报
2021-01-02 21:45:19,454 - __main__ - INFO - 没有更新的数据!
2021-01-03 19:04:41,867 - __main__ - INFO - 开始获取信息...
2021-01-03 19:04:43,038 - __main__ - INFO - 上海证券交易所有0条公布的公告
2021-01-03 19:04:43,116 - __main__ - INFO - 深圳证券交易所有0条公布的公告
2021-01-03 19:04:43,288 - __main__ - INFO - A股共有0个发布的研报
